2016-04-18 10:29:38,832 - Trying to use logger class org.apache.velocity.runtime.log.Log4JLogChute
2016-04-18 10:29:38,832 - Using logger class org.apache.velocity.runtime.log.Log4JLogChute
2016-04-18 10:29:38,836 - Default ResourceManager initializing. (class org.apache.velocity.runtime.resource.ResourceManagerImpl)
2016-04-18 10:29:38,838 - ResourceLoader instantiated: org.apache.velocity.runtime.resource.loader.ClasspathResourceLoader
2016-04-18 10:29:38,840 - ResourceCache: initialized (class org.apache.velocity.runtime.resource.ResourceCacheImpl)
2016-04-18 10:29:38,841 - Loaded System Directive: org.apache.velocity.runtime.directive.Literal
2016-04-18 10:29:38,842 - Loaded System Directive: org.apache.velocity.runtime.directive.Macro
2016-04-18 10:29:38,844 - Loaded System Directive: org.apache.velocity.runtime.directive.Parse
2016-04-18 10:29:38,845 - Loaded System Directive: org.apache.velocity.runtime.directive.Include
2016-04-18 10:29:38,846 - Loaded System Directive: org.apache.velocity.runtime.directive.Foreach
2016-04-18 10:29:38,890 - Created '20' parsers.
2016-04-18 10:29:38,896 - Velocimacro : "velocimacro.library" is not set.  Trying default library: VM_global_library.vm
2016-04-18 10:29:39,531 - Velocimacro : Default library not found.
2016-04-18 10:29:39,531 - Velocimacro : allowInline = true : VMs can be defined inline in templates
2016-04-18 10:29:39,531 - Velocimacro : allowInlineToOverride = false : VMs defined inline may NOT replace previous VM definitions
2016-04-18 10:29:39,531 - Velocimacro : allowInlineLocal = false : VMs defined inline will be global in scope if allowed.
2016-04-18 10:29:39,531 - Velocimacro : autoload off : VM system will not automatically reload global library macros
2016-04-18 10:29:39,636 - Velocimacro : added #link(  href name ) : source = site/peak.vm
2016-04-18 10:29:39,642 - Velocimacro : added #banner(  banner id ) : source = site/peak.vm
2016-04-18 10:29:39,646 - Velocimacro : added #links(  links ) : source = site/peak.vm
2016-04-18 10:29:39,651 - Velocimacro : added #breadcrumbs(  breadcrumbs ) : source = site/peak.vm
2016-04-18 10:29:39,655 - Velocimacro : added #displayTree(  display item ) : source = site/peak.vm
2016-04-18 10:29:39,663 - Velocimacro : added #menuItem(  item ) : source = site/peak.vm
2016-04-18 10:29:39,665 - Velocimacro : added #mainMenu(  menus ) : source = site/peak.vm
2016-04-18 10:29:39,666 - Velocimacro : added #publishDate(  publishDate version ) : source = site/peak.vm
2016-04-18 10:29:39,670 - Velocimacro : added #methodSummary(  method ) : source = site/peak.vm
2016-04-18 10:29:39,672 - Velocimacro : added #classSummary(  ) : source = site/peak.vm
2016-04-18 10:29:39,673 - Velocimacro : added #bodyContent(  ) : source = site/peak.vm
2016-04-18 10:29:39,673 - Velocimacro : added #menu(  ) : source = site/peak.vm
2016-04-18 10:29:39,712 - ResourceManager : found site/peak.vm with loader org.apache.velocity.runtime.resource.loader.ClasspathResourceLoader
2016-04-18 10:29:39,714 - Null reference [template 'site/peak.vm', line 311, column 37] : $detalle cannot be resolved.
2016-04-18 10:29:39,714 - Null reference [template 'site/peak.vm', line 312, column 29] : $imgSrc cannot be resolved.
2016-04-18 10:29:39,714 - Null reference [template 'site/peak.vm', line 312, column 39] : $detalle.find('input[type=hidden]') cannot be resolved.
2016-04-18 10:29:39,714 - Null reference [template 'site/peak.vm', line 314, column 37] : $imgSrc.size() cannot be resolved.
2016-04-18 10:29:39,714 - Null reference [template 'site/peak.vm', line 315, column 45] : $img cannot be resolved.
2016-04-18 10:29:39,714 - Null reference [template 'site/peak.vm', line 315, column 76] : $imgSrc.val() cannot be resolved.
2016-04-18 10:29:39,715 - Null reference [template 'site/peak.vm', line 316, column 41] : $imgSrc.parent().html cannot be resolved.
2016-04-18 10:29:39,715 - Null reference [template 'site/peak.vm', line 316, column 86] : $imgSrc.val() cannot be resolved.
2016-04-18 10:29:39,715 - Null reference [template 'site/peak.vm', line 316, column 133] : $img cannot be resolved.
2016-04-18 10:29:39,715 - Null reference [template 'site/peak.vm', line 319, column 33] : $detalle.show() cannot be resolved.
2016-04-18 10:29:39,720 - Null reference [template 'site/peak.vm', line 3, column 28] : $collapse cannot be resolved.
2016-04-18 10:31:01,547 - Log4JLogChute initialized using file 'velocity.log'
2016-04-18 10:31:01,547 - Starting Apache Velocity v1.5 (compiled: 2007-02-22 08:52:29)
2016-04-18 10:31:01,547 - Default Properties File: org/apache/velocity/runtime/defaults/velocity.properties
2016-04-18 10:31:01,547 - Trying to use logger class org.apache.velocity.runtime.log.AvalonLogChute
2016-04-18 10:31:01,548 - Couldn't find class org.apache.velocity.runtime.log.AvalonLogChute or necessary supporting classes in classpath.
java.lang.NoClassDefFoundError: org/apache/log/format/Formatter
	at java.lang.Class.forName0(Native Method)
	at java.lang.Class.forName(Class.java:278)
	at org.apache.velocity.util.ClassUtils.getClass(ClassUtils.java:63)
	at org.apache.velocity.util.ClassUtils.getNewInstance(ClassUtils.java:95)
	at org.apache.velocity.runtime.log.LogManager.createLogChute(LogManager.java:147)
	at org.apache.velocity.runtime.log.LogManager.updateLog(LogManager.java:208)
	at org.apache.velocity.runtime.RuntimeInstance.initializeLog(RuntimeInstance.java:728)
	at org.apache.velocity.runtime.RuntimeInstance.init(RuntimeInstance.java:240)
	at org.apache.velocity.runtime.RuntimeInstance.init(RuntimeInstance.java:534)
	at org.apache.velocity.runtime.RuntimeSingleton.init(RuntimeSingleton.java:227)
	at org.apache.velocity.app.Velocity.init(Velocity.java:111)
	at ar.uba.dc.analysis.memory.impl.report.html.HtmlReportWriter.init(HtmlReportWriter.java:79)
	at ar.uba.dc.analysis.memory.impl.report.html.HtmlReportWriter.write(HtmlReportWriter.java:37)
	at ar.uba.dc.analysis.memory.impl.MemoryInterproceduralAnalysis.doAnalysis(MemoryInterproceduralAnalysis.java:85)
	at ar.uba.dc.analysis.common.AbstractInterproceduralAnalysis.run(AbstractInterproceduralAnalysis.java:37)
	at ar.uba.dc.analysis.memory.impl.runner.MemorySceneTransformer.internalTransform(MemorySceneTransformer.java:56)
	at soot.SceneTransformer.transform(SceneTransformer.java:39)
	at soot.Transform.apply(Transform.java:89)
	at soot.ScenePack.internalApply(ScenePack.java:43)
	at soot.Pack.apply(Pack.java:114)
	at soot.PackManager.runWholeProgramPacks(PackManager.java:407)
	at soot.PackManager.runPacks(PackManager.java:327)
	at soot.Main.run(Main.java:202)
	at soot.Main.main(Main.java:145)
	at ar.uba.dc.analysis.memory.impl.runner.MainSootRunner.main(MainSootRunner.java:61)
Caused by: java.lang.ClassNotFoundException: org.apache.log.format.Formatter
	at java.net.URLClassLoader$1.run(URLClassLoader.java:366)
	at java.net.URLClassLoader$1.run(URLClassLoader.java:355)
	at java.security.AccessController.doPrivileged(Native Method)
	at java.net.URLClassLoader.findClass(URLClassLoader.java:354)
	at java.lang.ClassLoader.loadClass(ClassLoader.java:425)
	at sun.misc.Launcher$AppClassLoader.loadClass(Launcher.java:308)
	at java.lang.ClassLoader.loadClass(ClassLoader.java:358)
	... 25 more
2016-04-18 10:31:01,550 - Trying to use logger class org.apache.velocity.runtime.log.Log4JLogChute
2016-04-18 10:31:01,550 - Using logger class org.apache.velocity.runtime.log.Log4JLogChute
2016-04-18 10:31:01,551 - Default ResourceManager initializing. (class org.apache.velocity.runtime.resource.ResourceManagerImpl)
2016-04-18 10:31:01,553 - ResourceLoader instantiated: org.apache.velocity.runtime.resource.loader.ClasspathResourceLoader
2016-04-18 10:31:01,553 - ResourceCache: initialized (class org.apache.velocity.runtime.resource.ResourceCacheImpl)
2016-04-18 10:31:01,554 - Loaded System Directive: org.apache.velocity.runtime.directive.Literal
2016-04-18 10:31:01,555 - Loaded System Directive: org.apache.velocity.runtime.directive.Macro
2016-04-18 10:31:01,556 - Loaded System Directive: org.apache.velocity.runtime.directive.Parse
2016-04-18 10:31:01,557 - Loaded System Directive: org.apache.velocity.runtime.directive.Include
2016-04-18 10:31:01,558 - Loaded System Directive: org.apache.velocity.runtime.directive.Foreach
2016-04-18 10:31:01,579 - Created '20' parsers.
2016-04-18 10:31:01,584 - Velocimacro : "velocimacro.library" is not set.  Trying default library: VM_global_library.vm
2016-04-18 10:31:01,584 - Velocimacro : Default library not found.
2016-04-18 10:31:01,584 - Velocimacro : allowInline = true : VMs can be defined inline in templates
2016-04-18 10:31:01,585 - Velocimacro : allowInlineToOverride = false : VMs defined inline may NOT replace previous VM definitions
2016-04-18 10:31:01,585 - Velocimacro : allowInlineLocal = false : VMs defined inline will be global in scope if allowed.
2016-04-18 10:31:01,585 - Velocimacro : autoload off : VM system will not automatically reload global library macros
2016-04-18 10:31:01,627 - Velocimacro : added #link(  href name ) : source = site/peak.vm
2016-04-18 10:31:01,632 - Velocimacro : added #banner(  banner id ) : source = site/peak.vm
2016-04-18 10:31:01,635 - Velocimacro : added #links(  links ) : source = site/peak.vm
2016-04-18 10:31:01,638 - Velocimacro : added #breadcrumbs(  breadcrumbs ) : source = site/peak.vm
2016-04-18 10:31:01,641 - Velocimacro : added #displayTree(  display item ) : source = site/peak.vm
2016-04-18 10:31:01,647 - Velocimacro : added #menuItem(  item ) : source = site/peak.vm
2016-04-18 10:31:01,648 - Velocimacro : added #mainMenu(  menus ) : source = site/peak.vm
2016-04-18 10:31:01,649 - Velocimacro : added #publishDate(  publishDate version ) : source = site/peak.vm
2016-04-18 10:31:02,072 - Velocimacro : added #methodSummary(  method ) : source = site/peak.vm
2016-04-18 10:31:02,074 - Velocimacro : added #classSummary(  ) : source = site/peak.vm
2016-04-18 10:31:02,076 - Velocimacro : added #bodyContent(  ) : source = site/peak.vm
2016-04-18 10:31:02,078 - Velocimacro : added #menu(  ) : source = site/peak.vm
2016-04-18 10:31:02,131 - ResourceManager : found site/peak.vm with loader org.apache.velocity.runtime.resource.loader.ClasspathResourceLoader
2016-04-18 10:31:02,134 - Null reference [template 'site/peak.vm', line 311, column 37] : $detalle cannot be resolved.
2016-04-18 10:31:02,134 - Null reference [template 'site/peak.vm', line 312, column 29] : $imgSrc cannot be resolved.
2016-04-18 10:31:02,134 - Null reference [template 'site/peak.vm', line 312, column 39] : $detalle.find('input[type=hidden]') cannot be resolved.
2016-04-18 10:31:02,134 - Null reference [template 'site/peak.vm', line 314, column 37] : $imgSrc.size() cannot be resolved.
2016-04-18 10:31:02,134 - Null reference [template 'site/peak.vm', line 315, column 45] : $img cannot be resolved.
2016-04-18 10:31:02,134 - Null reference [template 'site/peak.vm', line 315, column 76] : $imgSrc.val() cannot be resolved.
2016-04-18 10:31:02,134 - Null reference [template 'site/peak.vm', line 316, column 41] : $imgSrc.parent().html cannot be resolved.
2016-04-18 10:31:02,134 - Null reference [template 'site/peak.vm', line 316, column 86] : $imgSrc.val() cannot be resolved.
2016-04-18 10:31:02,134 - Null reference [template 'site/peak.vm', line 316, column 133] : $img cannot be resolved.
2016-04-18 10:31:02,134 - Null reference [template 'site/peak.vm', line 319, column 33] : $detalle.show() cannot be resolved.
2016-04-18 10:31:02,141 - Null reference [template 'site/peak.vm', line 3, column 28] : $collapse cannot be resolved.
2016-04-18 10:33:16,371 - Log4JLogChute initialized using file 'velocity.log'
2016-04-18 10:33:16,372 - Starting Apache Velocity v1.5 (compiled: 2007-02-22 08:52:29)
2016-04-18 10:33:16,372 - Default Properties File: org/apache/velocity/runtime/defaults/velocity.properties
2016-04-18 10:33:16,372 - Trying to use logger class org.apache.velocity.runtime.log.AvalonLogChute
2016-04-18 10:33:16,373 - Couldn't find class org.apache.velocity.runtime.log.AvalonLogChute or necessary supporting classes in classpath.
java.lang.NoClassDefFoundError: org/apache/log/format/Formatter
	at java.lang.Class.forName0(Native Method)
	at java.lang.Class.forName(Class.java:278)
	at org.apache.velocity.util.ClassUtils.getClass(ClassUtils.java:63)
	at org.apache.velocity.util.ClassUtils.getNewInstance(ClassUtils.java:95)
	at org.apache.velocity.runtime.log.LogManager.createLogChute(LogManager.java:147)
	at org.apache.velocity.runtime.log.LogManager.updateLog(LogManager.java:208)
	at org.apache.velocity.runtime.RuntimeInstance.initializeLog(RuntimeInstance.java:728)
	at org.apache.velocity.runtime.RuntimeInstance.init(RuntimeInstance.java:240)
	at org.apache.velocity.runtime.RuntimeInstance.init(RuntimeInstance.java:534)
	at org.apache.velocity.runtime.RuntimeSingleton.init(RuntimeSingleton.java:227)
	at org.apache.velocity.app.Velocity.init(Velocity.java:111)
	at ar.uba.dc.analysis.memory.impl.report.html.HtmlReportWriter.init(HtmlReportWriter.java:79)
	at ar.uba.dc.analysis.memory.impl.report.html.HtmlReportWriter.write(HtmlReportWriter.java:37)
	at ar.uba.dc.analysis.memory.impl.MemoryInterproceduralAnalysis.doAnalysis(MemoryInterproceduralAnalysis.java:85)
	at ar.uba.dc.analysis.common.AbstractInterproceduralAnalysis.run(AbstractInterproceduralAnalysis.java:37)
	at ar.uba.dc.analysis.memory.impl.runner.MemorySceneTransformer.internalTransform(MemorySceneTransformer.java:56)
	at soot.SceneTransformer.transform(SceneTransformer.java:39)
	at soot.Transform.apply(Transform.java:89)
	at soot.ScenePack.internalApply(ScenePack.java:43)
	at soot.Pack.apply(Pack.java:114)
	at soot.PackManager.runWholeProgramPacks(PackManager.java:407)
	at soot.PackManager.runPacks(PackManager.java:327)
	at soot.Main.run(Main.java:202)
	at soot.Main.main(Main.java:145)
	at ar.uba.dc.analysis.memory.impl.runner.MainSootRunner.main(MainSootRunner.java:61)
Caused by: java.lang.ClassNotFoundException: org.apache.log.format.Formatter
	at java.net.URLClassLoader$1.run(URLClassLoader.java:366)
	at java.net.URLClassLoader$1.run(URLClassLoader.java:355)
	at java.security.AccessController.doPrivileged(Native Method)
	at java.net.URLClassLoader.findClass(URLClassLoader.java:354)
	at java.lang.ClassLoader.loadClass(ClassLoader.java:425)
	at sun.misc.Launcher$AppClassLoader.loadClass(Launcher.java:308)
	at java.lang.ClassLoader.loadClass(ClassLoader.java:358)
	... 25 more
2016-04-18 10:33:16,375 - Trying to use logger class org.apache.velocity.runtime.log.Log4JLogChute
2016-04-18 10:33:16,375 - Using logger class org.apache.velocity.runtime.log.Log4JLogChute
2016-04-18 10:33:16,378 - Default ResourceManager initializing. (class org.apache.velocity.runtime.resource.ResourceManagerImpl)
2016-04-18 10:33:16,380 - ResourceLoader instantiated: org.apache.velocity.runtime.resource.loader.ClasspathResourceLoader
2016-04-18 10:33:16,381 - ResourceCache: initialized (class org.apache.velocity.runtime.resource.ResourceCacheImpl)
2016-04-18 10:33:16,383 - Loaded System Directive: org.apache.velocity.runtime.directive.Literal
2016-04-18 10:33:16,385 - Loaded System Directive: org.apache.velocity.runtime.directive.Macro
2016-04-18 10:33:16,386 - Loaded System Directive: org.apache.velocity.runtime.directive.Parse
2016-04-18 10:33:16,388 - Loaded System Directive: org.apache.velocity.runtime.directive.Include
2016-04-18 10:33:16,388 - Loaded System Directive: org.apache.velocity.runtime.directive.Foreach
2016-04-18 10:33:16,420 - Created '20' parsers.
2016-04-18 10:33:16,428 - Velocimacro : "velocimacro.library" is not set.  Trying default library: VM_global_library.vm
2016-04-18 10:33:16,429 - Velocimacro : Default library not found.
2016-04-18 10:33:16,429 - Velocimacro : allowInline = true : VMs can be defined inline in templates
2016-04-18 10:33:16,429 - Velocimacro : allowInlineToOverride = false : VMs defined inline may NOT replace previous VM definitions
2016-04-18 10:33:16,429 - Velocimacro : allowInlineLocal = false : VMs defined inline will be global in scope if allowed.
2016-04-18 10:33:16,429 - Velocimacro : autoload off : VM system will not automatically reload global library macros
2016-04-18 10:33:16,502 - Velocimacro : added #link(  href name ) : source = site/peak.vm
2016-04-18 10:33:16,509 - Velocimacro : added #banner(  banner id ) : source = site/peak.vm
2016-04-18 10:33:16,514 - Velocimacro : added #links(  links ) : source = site/peak.vm
2016-04-18 10:33:16,518 - Velocimacro : added #breadcrumbs(  breadcrumbs ) : source = site/peak.vm
2016-04-18 10:33:16,522 - Velocimacro : added #displayTree(  display item ) : source = site/peak.vm
2016-04-18 10:33:16,532 - Velocimacro : added #menuItem(  item ) : source = site/peak.vm
2016-04-18 10:33:16,534 - Velocimacro : added #mainMenu(  menus ) : source = site/peak.vm
2016-04-18 10:33:16,535 - Velocimacro : added #publishDate(  publishDate version ) : source = site/peak.vm
2016-04-18 10:33:16,541 - Velocimacro : added #methodSummary(  method ) : source = site/peak.vm
2016-04-18 10:33:16,544 - Velocimacro : added #classSummary(  ) : source = site/peak.vm
2016-04-18 10:33:16,545 - Velocimacro : added #bodyContent(  ) : source = site/peak.vm
2016-04-18 10:33:16,546 - Velocimacro : added #menu(  ) : source = site/peak.vm
2016-04-18 10:33:16,603 - ResourceManager : found site/peak.vm with loader org.apache.velocity.runtime.resource.loader.ClasspathResourceLoader
2016-04-18 10:33:16,606 - Null reference [template 'site/peak.vm', line 311, column 37] : $detalle cannot be resolved.
2016-04-18 10:33:16,606 - Null reference [template 'site/peak.vm', line 312, column 29] : $imgSrc cannot be resolved.
2016-04-18 10:33:16,607 - Null reference [template 'site/peak.vm', line 312, column 39] : $detalle.find('input[type=hidden]') cannot be resolved.
2016-04-18 10:33:16,607 - Null reference [template 'site/peak.vm', line 314, column 37] : $imgSrc.size() cannot be resolved.
2016-04-18 10:33:16,607 - Null reference [template 'site/peak.vm', line 315, column 45] : $img cannot be resolved.
2016-04-18 10:33:16,607 - Null reference [template 'site/peak.vm', line 315, column 76] : $imgSrc.val() cannot be resolved.
2016-04-18 10:33:16,607 - Null reference [template 'site/peak.vm', line 316, column 41] : $imgSrc.parent().html cannot be resolved.
2016-04-18 10:33:16,607 - Null reference [template 'site/peak.vm', line 316, column 86] : $imgSrc.val() cannot be resolved.
2016-04-18 10:33:16,607 - Null reference [template 'site/peak.vm', line 316, column 133] : $img cannot be resolved.
2016-04-18 10:33:16,607 - Null reference [template 'site/peak.vm', line 319, column 33] : $detalle.show() cannot be resolved.
2016-04-18 10:33:16,616 - Null reference [template 'site/peak.vm', line 3, column 28] : $collapse cannot be resolved.
2016-04-18 10:42:48,083 - Log4JLogChute initialized using file 'velocity.log'
2016-04-18 10:42:48,083 - Starting Apache Velocity v1.5 (compiled: 2007-02-22 08:52:29)
2016-04-18 10:42:48,083 - Default Properties File: org/apache/velocity/runtime/defaults/velocity.properties
2016-04-18 10:42:48,083 - Trying to use logger class org.apache.velocity.runtime.log.AvalonLogChute
2016-04-18 10:42:48,084 - Couldn't find class org.apache.velocity.runtime.log.AvalonLogChute or necessary supporting classes in classpath.
java.lang.NoClassDefFoundError: org/apache/log/format/Formatter
	at java.lang.Class.forName0(Native Method)
	at java.lang.Class.forName(Class.java:278)
	at org.apache.velocity.util.ClassUtils.getClass(ClassUtils.java:63)
	at org.apache.velocity.util.ClassUtils.getNewInstance(ClassUtils.java:95)
	at org.apache.velocity.runtime.log.LogManager.createLogChute(LogManager.java:147)
	at org.apache.velocity.runtime.log.LogManager.updateLog(LogManager.java:208)
	at org.apache.velocity.runtime.RuntimeInstance.initializeLog(RuntimeInstance.java:728)
	at org.apache.velocity.runtime.RuntimeInstance.init(RuntimeInstance.java:240)
	at org.apache.velocity.runtime.RuntimeInstance.init(RuntimeInstance.java:534)
	at org.apache.velocity.runtime.RuntimeSingleton.init(RuntimeSingleton.java:227)
	at org.apache.velocity.app.Velocity.init(Velocity.java:111)
	at ar.uba.dc.analysis.memory.impl.report.html.HtmlReportWriter.init(HtmlReportWriter.java:79)
	at ar.uba.dc.analysis.memory.impl.report.html.HtmlReportWriter.write(HtmlReportWriter.java:37)
	at ar.uba.dc.analysis.memory.impl.MemoryInterproceduralAnalysis.doAnalysis(MemoryInterproceduralAnalysis.java:85)
	at ar.uba.dc.analysis.common.AbstractInterproceduralAnalysis.run(AbstractInterproceduralAnalysis.java:37)
	at ar.uba.dc.analysis.memory.impl.runner.MemorySceneTransformer.internalTransform(MemorySceneTransformer.java:56)
	at soot.SceneTransformer.transform(SceneTransformer.java:39)
	at soot.Transform.apply(Transform.java:89)
	at soot.ScenePack.internalApply(ScenePack.java:43)
	at soot.Pack.apply(Pack.java:114)
	at soot.PackManager.runWholeProgramPacks(PackManager.java:407)
	at soot.PackManager.runPacks(PackManager.java:327)
	at soot.Main.run(Main.java:202)
	at soot.Main.main(Main.java:145)
	at ar.uba.dc.analysis.memory.impl.runner.MainSootRunner.main(MainSootRunner.java:61)
Caused by: java.lang.ClassNotFoundException: org.apache.log.format.Formatter
	at java.net.URLClassLoader$1.run(URLClassLoader.java:366)
	at java.net.URLClassLoader$1.run(URLClassLoader.java:355)
	at java.security.AccessController.doPrivileged(Native Method)
	at java.net.URLClassLoader.findClass(URLClassLoader.java:354)
	at java.lang.ClassLoader.loadClass(ClassLoader.java:425)
	at sun.misc.Launcher$AppClassLoader.loadClass(Launcher.java:308)
	at java.lang.ClassLoader.loadClass(ClassLoader.java:358)
	... 25 more
2016-04-18 10:42:48,085 - Trying to use logger class org.apache.velocity.runtime.log.Log4JLogChute
2016-04-18 10:42:48,085 - Using logger class org.apache.velocity.runtime.log.Log4JLogChute
2016-04-18 10:42:48,086 - Default ResourceManager initializing. (class org.apache.velocity.runtime.resource.ResourceManagerImpl)
2016-04-18 10:42:48,088 - ResourceLoader instantiated: org.apache.velocity.runtime.resource.loader.ClasspathResourceLoader
2016-04-18 10:42:48,089 - ResourceCache: initialized (class org.apache.velocity.runtime.resource.ResourceCacheImpl)
2016-04-18 10:42:48,090 - Loaded System Directive: org.apache.velocity.runtime.directive.Literal
2016-04-18 10:42:48,091 - Loaded System Directive: org.apache.velocity.runtime.directive.Macro
2016-04-18 10:42:48,092 - Loaded System Directive: org.apache.velocity.runtime.directive.Parse
2016-04-18 10:42:48,093 - Loaded System Directive: org.apache.velocity.runtime.directive.Include
2016-04-18 10:42:48,093 - Loaded System Directive: org.apache.velocity.runtime.directive.Foreach
2016-04-18 10:42:48,112 - Created '20' parsers.
2016-04-18 10:42:48,117 - Velocimacro : "velocimacro.library" is not set.  Trying default library: VM_global_library.vm
2016-04-18 10:42:48,118 - Velocimacro : Default library not found.
2016-04-18 10:42:48,118 - Velocimacro : allowInline = true : VMs can be defined inline in templates
2016-04-18 10:42:48,118 - Velocimacro : allowInlineToOverride = false : VMs defined inline may NOT replace previous VM definitions
2016-04-18 10:42:48,118 - Velocimacro : allowInlineLocal = false : VMs defined inline will be global in scope if allowed.
2016-04-18 10:42:48,118 - Velocimacro : autoload off : VM system will not automatically reload global library macros
2016-04-18 10:42:48,171 - Velocimacro : added #link(  href name ) : source = site/peak.vm
2016-04-18 10:42:48,177 - Velocimacro : added #banner(  banner id ) : source = site/peak.vm
2016-04-18 10:42:48,182 - Velocimacro : added #links(  links ) : source = site/peak.vm
2016-04-18 10:42:48,186 - Velocimacro : added #breadcrumbs(  breadcrumbs ) : source = site/peak.vm
2016-04-18 10:42:48,189 - Velocimacro : added #displayTree(  display item ) : source = site/peak.vm
2016-04-18 10:42:48,198 - Velocimacro : added #menuItem(  item ) : source = site/peak.vm
2016-04-18 10:42:48,200 - Velocimacro : added #mainMenu(  menus ) : source = site/peak.vm
2016-04-18 10:42:48,201 - Velocimacro : added #publishDate(  publishDate version ) : source = site/peak.vm
2016-04-18 10:42:48,207 - Velocimacro : added #methodSummary(  method ) : source = site/peak.vm
2016-04-18 10:42:48,208 - Velocimacro : added #classSummary(  ) : source = site/peak.vm
2016-04-18 10:42:48,210 - Velocimacro : added #bodyContent(  ) : source = site/peak.vm
2016-04-18 10:42:48,210 - Velocimacro : added #menu(  ) : source = site/peak.vm
2016-04-18 10:42:48,249 - ResourceManager : found site/peak.vm with loader org.apache.velocity.runtime.resource.loader.ClasspathResourceLoader
2016-04-18 10:42:48,251 - Null reference [template 'site/peak.vm', line 311, column 37] : $detalle cannot be resolved.
2016-04-18 10:42:48,251 - Null reference [template 'site/peak.vm', line 312, column 29] : $imgSrc cannot be resolved.
2016-04-18 10:42:48,252 - Null reference [template 'site/peak.vm', line 312, column 39] : $detalle.find('input[type=hidden]') cannot be resolved.
2016-04-18 10:42:48,252 - Null reference [template 'site/peak.vm', line 314, column 37] : $imgSrc.size() cannot be resolved.
2016-04-18 10:42:48,252 - Null reference [template 'site/peak.vm', line 315, column 45] : $img cannot be resolved.
2016-04-18 10:42:48,252 - Null reference [template 'site/peak.vm', line 315, column 76] : $imgSrc.val() cannot be resolved.
2016-04-18 10:42:48,252 - Null reference [template 'site/peak.vm', line 316, column 41] : $imgSrc.parent().html cannot be resolved.
2016-04-18 10:42:48,252 - Null reference [template 'site/peak.vm', line 316, column 86] : $imgSrc.val() cannot be resolved.
2016-04-18 10:42:48,252 - Null reference [template 'site/peak.vm', line 316, column 133] : $img cannot be resolved.
2016-04-18 10:42:48,252 - Null reference [template 'site/peak.vm', line 319, column 33] : $detalle.show() cannot be resolved.
2016-04-18 10:42:48,259 - Null reference [template 'site/peak.vm', line 3, column 28] : $collapse cannot be resolved.
2016-04-18 10:51:17,209 - Log4JLogChute initialized using file 'velocity.log'
2016-04-18 10:51:17,210 - Starting Apache Velocity v1.5 (compiled: 2007-02-22 08:52:29)
2016-04-18 10:51:17,210 - Default Properties File: org/apache/velocity/runtime/defaults/velocity.properties
2016-04-18 10:51:17,210 - Trying to use logger class org.apache.velocity.runtime.log.AvalonLogChute
2016-04-18 10:51:17,211 - Couldn't find class org.apache.velocity.runtime.log.AvalonLogChute or necessary supporting classes in classpath.
java.lang.NoClassDefFoundError: org/apache/log/format/Formatter
	at java.lang.Class.forName0(Native Method)
	at java.lang.Class.forName(Class.java:278)
	at org.apache.velocity.util.ClassUtils.getClass(ClassUtils.java:63)
	at org.apache.velocity.util.ClassUtils.getNewInstance(ClassUtils.java:95)
	at org.apache.velocity.runtime.log.LogManager.createLogChute(LogManager.java:147)
	at org.apache.velocity.runtime.log.LogManager.updateLog(LogManager.java:208)
	at org.apache.velocity.runtime.RuntimeInstance.initializeLog(RuntimeInstance.java:728)
	at org.apache.velocity.runtime.RuntimeInstance.init(RuntimeInstance.java:240)
	at org.apache.velocity.runtime.RuntimeInstance.init(RuntimeInstance.java:534)
	at org.apache.velocity.runtime.RuntimeSingleton.init(RuntimeSingleton.java:227)
	at org.apache.velocity.app.Velocity.init(Velocity.java:111)
	at ar.uba.dc.analysis.memory.impl.report.html.HtmlReportWriter.init(HtmlReportWriter.java:79)
	at ar.uba.dc.analysis.memory.impl.report.html.HtmlReportWriter.write(HtmlReportWriter.java:37)
	at ar.uba.dc.analysis.memory.impl.MemoryInterproceduralAnalysis.doAnalysis(MemoryInterproceduralAnalysis.java:85)
	at ar.uba.dc.analysis.common.AbstractInterproceduralAnalysis.run(AbstractInterproceduralAnalysis.java:37)
	at ar.uba.dc.analysis.memory.impl.runner.MemorySceneTransformer.internalTransform(MemorySceneTransformer.java:56)
	at soot.SceneTransformer.transform(SceneTransformer.java:39)
	at soot.Transform.apply(Transform.java:89)
	at soot.ScenePack.internalApply(ScenePack.java:43)
	at soot.Pack.apply(Pack.java:114)
	at soot.PackManager.runWholeProgramPacks(PackManager.java:407)
	at soot.PackManager.runPacks(PackManager.java:327)
	at soot.Main.run(Main.java:202)
	at soot.Main.main(Main.java:145)
	at ar.uba.dc.analysis.memory.impl.runner.MainSootRunner.main(MainSootRunner.java:61)
Caused by: java.lang.ClassNotFoundException: org.apache.log.format.Formatter
	at java.net.URLClassLoader$1.run(URLClassLoader.java:366)
	at java.net.URLClassLoader$1.run(URLClassLoader.java:355)
	at java.security.AccessController.doPrivileged(Native Method)
	at java.net.URLClassLoader.findClass(URLClassLoader.java:354)
	at java.lang.ClassLoader.loadClass(ClassLoader.java:425)
	at sun.misc.Launcher$AppClassLoader.loadClass(Launcher.java:308)
	at java.lang.ClassLoader.loadClass(ClassLoader.java:358)
	... 25 more
2016-04-18 10:51:17,213 - Trying to use logger class org.apache.velocity.runtime.log.Log4JLogChute
2016-04-18 10:51:17,215 - Using logger class org.apache.velocity.runtime.log.Log4JLogChute
2016-04-18 10:51:17,218 - Default ResourceManager initializing. (class org.apache.velocity.runtime.resource.ResourceManagerImpl)
2016-04-18 10:51:17,220 - ResourceLoader instantiated: org.apache.velocity.runtime.resource.loader.ClasspathResourceLoader
2016-04-18 10:51:17,222 - ResourceCache: initialized (class org.apache.velocity.runtime.resource.ResourceCacheImpl)
2016-04-18 10:51:17,223 - Loaded System Directive: org.apache.velocity.runtime.directive.Literal
2016-04-18 10:51:17,225 - Loaded System Directive: org.apache.velocity.runtime.directive.Macro
2016-04-18 10:51:17,226 - Loaded System Directive: org.apache.velocity.runtime.directive.Parse
2016-04-18 10:51:17,228 - Loaded System Directive: org.apache.velocity.runtime.directive.Include
2016-04-18 10:51:17,229 - Loaded System Directive: org.apache.velocity.runtime.directive.Foreach
2016-04-18 10:51:17,260 - Created '20' parsers.
2016-04-18 10:51:17,270 - Velocimacro : "velocimacro.library" is not set.  Trying default library: VM_global_library.vm
2016-04-18 10:51:17,271 - Velocimacro : Default library not found.
2016-04-18 10:51:17,271 - Velocimacro : allowInline = true : VMs can be defined inline in templates
2016-04-18 10:51:17,271 - Velocimacro : allowInlineToOverride = false : VMs defined inline may NOT replace previous VM definitions
2016-04-18 10:51:17,271 - Velocimacro : allowInlineLocal = false : VMs defined inline will be global in scope if allowed.
2016-04-18 10:51:17,271 - Velocimacro : autoload off : VM system will not automatically reload global library macros
2016-04-18 10:51:17,351 - Velocimacro : added #link(  href name ) : source = site/peak.vm
2016-04-18 10:51:17,358 - Velocimacro : added #banner(  banner id ) : source = site/peak.vm
2016-04-18 10:51:17,364 - Velocimacro : added #links(  links ) : source = site/peak.vm
2016-04-18 10:51:17,368 - Velocimacro : added #breadcrumbs(  breadcrumbs ) : source = site/peak.vm
2016-04-18 10:51:17,372 - Velocimacro : added #displayTree(  display item ) : source = site/peak.vm
2016-04-18 10:51:17,382 - Velocimacro : added #menuItem(  item ) : source = site/peak.vm
2016-04-18 10:51:17,384 - Velocimacro : added #mainMenu(  menus ) : source = site/peak.vm
2016-04-18 10:51:17,385 - Velocimacro : added #publishDate(  publishDate version ) : source = site/peak.vm
2016-04-18 10:51:17,392 - Velocimacro : added #methodSummary(  method ) : source = site/peak.vm
2016-04-18 10:51:17,394 - Velocimacro : added #classSummary(  ) : source = site/peak.vm
2016-04-18 10:51:17,396 - Velocimacro : added #bodyContent(  ) : source = site/peak.vm
2016-04-18 10:51:17,396 - Velocimacro : added #menu(  ) : source = site/peak.vm
2016-04-18 10:51:17,456 - ResourceManager : found site/peak.vm with loader org.apache.velocity.runtime.resource.loader.ClasspathResourceLoader
2016-04-18 10:51:17,460 - Null reference [template 'site/peak.vm', line 311, column 37] : $detalle cannot be resolved.
2016-04-18 10:51:17,460 - Null reference [template 'site/peak.vm', line 312, column 29] : $imgSrc cannot be resolved.
2016-04-18 10:51:17,460 - Null reference [template 'site/peak.vm', line 312, column 39] : $detalle.find('input[type=hidden]') cannot be resolved.
2016-04-18 10:51:17,460 - Null reference [template 'site/peak.vm', line 314, column 37] : $imgSrc.size() cannot be resolved.
2016-04-18 10:51:17,460 - Null reference [template 'site/peak.vm', line 315, column 45] : $img cannot be resolved.
2016-04-18 10:51:17,460 - Null reference [template 'site/peak.vm', line 315, column 76] : $imgSrc.val() cannot be resolved.
2016-04-18 10:51:17,460 - Null reference [template 'site/peak.vm', line 316, column 41] : $imgSrc.parent().html cannot be resolved.
2016-04-18 10:51:17,460 - Null reference [template 'site/peak.vm', line 316, column 86] : $imgSrc.val() cannot be resolved.
2016-04-18 10:51:17,460 - Null reference [template 'site/peak.vm', line 316, column 133] : $img cannot be resolved.
2016-04-18 10:51:17,461 - Null reference [template 'site/peak.vm', line 319, column 33] : $detalle.show() cannot be resolved.
2016-04-18 10:51:17,470 - Null reference [template 'site/peak.vm', line 3, column 28] : $collapse cannot be resolved.
2016-04-18 10:54:11,906 - Log4JLogChute initialized using file 'velocity.log'
2016-04-18 10:54:11,907 - Starting Apache Velocity v1.5 (compiled: 2007-02-22 08:52:29)
2016-04-18 10:54:11,907 - Default Properties File: org/apache/velocity/runtime/defaults/velocity.properties
2016-04-18 10:54:11,907 - Trying to use logger class org.apache.velocity.runtime.log.AvalonLogChute
2016-04-18 10:54:11,908 - Couldn't find class org.apache.velocity.runtime.log.AvalonLogChute or necessary supporting classes in classpath.
java.lang.NoClassDefFoundError: org/apache/log/format/Formatter
	at java.lang.Class.forName0(Native Method)
	at java.lang.Class.forName(Class.java:278)
	at org.apache.velocity.util.ClassUtils.getClass(ClassUtils.java:63)
	at org.apache.velocity.util.ClassUtils.getNewInstance(ClassUtils.java:95)
	at org.apache.velocity.runtime.log.LogManager.createLogChute(LogManager.java:147)
	at org.apache.velocity.runtime.log.LogManager.updateLog(LogManager.java:208)
	at org.apache.velocity.runtime.RuntimeInstance.initializeLog(RuntimeInstance.java:728)
	at org.apache.velocity.runtime.RuntimeInstance.init(RuntimeInstance.java:240)
	at org.apache.velocity.runtime.RuntimeInstance.init(RuntimeInstance.java:534)
	at org.apache.velocity.runtime.RuntimeSingleton.init(RuntimeSingleton.java:227)
	at org.apache.velocity.app.Velocity.init(Velocity.java:111)
	at ar.uba.dc.analysis.memory.impl.report.html.HtmlReportWriter.init(HtmlReportWriter.java:79)
	at ar.uba.dc.analysis.memory.impl.report.html.HtmlReportWriter.write(HtmlReportWriter.java:37)
	at ar.uba.dc.analysis.memory.impl.MemoryInterproceduralAnalysis.doAnalysis(MemoryInterproceduralAnalysis.java:85)
	at ar.uba.dc.analysis.common.AbstractInterproceduralAnalysis.run(AbstractInterproceduralAnalysis.java:37)
	at ar.uba.dc.analysis.memory.impl.runner.MemorySceneTransformer.internalTransform(MemorySceneTransformer.java:56)
	at soot.SceneTransformer.transform(SceneTransformer.java:39)
	at soot.Transform.apply(Transform.java:89)
	at soot.ScenePack.internalApply(ScenePack.java:43)
	at soot.Pack.apply(Pack.java:114)
	at soot.PackManager.runWholeProgramPacks(PackManager.java:407)
	at soot.PackManager.runPacks(PackManager.java:327)
	at soot.Main.run(Main.java:202)
	at soot.Main.main(Main.java:145)
	at ar.uba.dc.analysis.memory.impl.runner.MainSootRunner.main(MainSootRunner.java:61)
Caused by: java.lang.ClassNotFoundException: org.apache.log.format.Formatter
	at java.net.URLClassLoader$1.run(URLClassLoader.java:366)
	at java.net.URLClassLoader$1.run(URLClassLoader.java:355)
	at java.security.AccessController.doPrivileged(Native Method)
	at java.net.URLClassLoader.findClass(URLClassLoader.java:354)
	at java.lang.ClassLoader.loadClass(ClassLoader.java:425)
	at sun.misc.Launcher$AppClassLoader.loadClass(Launcher.java:308)
	at java.lang.ClassLoader.loadClass(ClassLoader.java:358)
	... 25 more
2016-04-18 10:54:11,910 - Trying to use logger class org.apache.velocity.runtime.log.Log4JLogChute
2016-04-18 10:54:11,910 - Using logger class org.apache.velocity.runtime.log.Log4JLogChute
2016-04-18 10:54:11,912 - Default ResourceManager initializing. (class org.apache.velocity.runtime.resource.ResourceManagerImpl)
2016-04-18 10:54:11,914 - ResourceLoader instantiated: org.apache.velocity.runtime.resource.loader.ClasspathResourceLoader
2016-04-18 10:54:11,916 - ResourceCache: initialized (class org.apache.velocity.runtime.resource.ResourceCacheImpl)
2016-04-18 10:54:11,917 - Loaded System Directive: org.apache.velocity.runtime.directive.Literal
2016-04-18 10:54:11,919 - Loaded System Directive: org.apache.velocity.runtime.directive.Macro
2016-04-18 10:54:11,920 - Loaded System Directive: org.apache.velocity.runtime.directive.Parse
2016-04-18 10:54:11,922 - Loaded System Directive: org.apache.velocity.runtime.directive.Include
2016-04-18 10:54:11,923 - Loaded System Directive: org.apache.velocity.runtime.directive.Foreach
2016-04-18 10:54:11,954 - Created '20' parsers.
2016-04-18 10:54:11,963 - Velocimacro : "velocimacro.library" is not set.  Trying default library: VM_global_library.vm
2016-04-18 10:54:11,963 - Velocimacro : Default library not found.
2016-04-18 10:54:11,963 - Velocimacro : allowInline = true : VMs can be defined inline in templates
2016-04-18 10:54:11,964 - Velocimacro : allowInlineToOverride = false : VMs defined inline may NOT replace previous VM definitions
2016-04-18 10:54:11,964 - Velocimacro : allowInlineLocal = false : VMs defined inline will be global in scope if allowed.
2016-04-18 10:54:11,964 - Velocimacro : autoload off : VM system will not automatically reload global library macros
2016-04-18 10:54:12,047 - Velocimacro : added #link(  href name ) : source = site/peak.vm
2016-04-18 10:54:12,053 - Velocimacro : added #banner(  banner id ) : source = site/peak.vm
2016-04-18 10:54:12,059 - Velocimacro : added #links(  links ) : source = site/peak.vm
2016-04-18 10:54:12,063 - Velocimacro : added #breadcrumbs(  breadcrumbs ) : source = site/peak.vm
2016-04-18 10:54:12,066 - Velocimacro : added #displayTree(  display item ) : source = site/peak.vm
2016-04-18 10:54:12,084 - Velocimacro : added #menuItem(  item ) : source = site/peak.vm
2016-04-18 10:54:12,087 - Velocimacro : added #mainMenu(  menus ) : source = site/peak.vm
2016-04-18 10:54:12,088 - Velocimacro : added #publishDate(  publishDate version ) : source = site/peak.vm
2016-04-18 10:54:12,094 - Velocimacro : added #methodSummary(  method ) : source = site/peak.vm
2016-04-18 10:54:12,096 - Velocimacro : added #classSummary(  ) : source = site/peak.vm
2016-04-18 10:54:12,098 - Velocimacro : added #bodyContent(  ) : source = site/peak.vm
2016-04-18 10:54:12,099 - Velocimacro : added #menu(  ) : source = site/peak.vm
2016-04-18 10:54:12,156 - ResourceManager : found site/peak.vm with loader org.apache.velocity.runtime.resource.loader.ClasspathResourceLoader
2016-04-18 10:54:12,159 - Null reference [template 'site/peak.vm', line 311, column 37] : $detalle cannot be resolved.
2016-04-18 10:54:12,160 - Null reference [template 'site/peak.vm', line 312, column 29] : $imgSrc cannot be resolved.
2016-04-18 10:54:12,160 - Null reference [template 'site/peak.vm', line 312, column 39] : $detalle.find('input[type=hidden]') cannot be resolved.
2016-04-18 10:54:12,160 - Null reference [template 'site/peak.vm', line 314, column 37] : $imgSrc.size() cannot be resolved.
2016-04-18 10:54:12,160 - Null reference [template 'site/peak.vm', line 315, column 45] : $img cannot be resolved.
2016-04-18 10:54:12,160 - Null reference [template 'site/peak.vm', line 315, column 76] : $imgSrc.val() cannot be resolved.
2016-04-18 10:54:12,160 - Null reference [template 'site/peak.vm', line 316, column 41] : $imgSrc.parent().html cannot be resolved.
2016-04-18 10:54:12,160 - Null reference [template 'site/peak.vm', line 316, column 86] : $imgSrc.val() cannot be resolved.
2016-04-18 10:54:12,160 - Null reference [template 'site/peak.vm', line 316, column 133] : $img cannot be resolved.
2016-04-18 10:54:12,160 - Null reference [template 'site/peak.vm', line 319, column 33] : $detalle.show() cannot be resolved.
2016-04-18 10:54:12,169 - Null reference [template 'site/peak.vm', line 3, column 28] : $collapse cannot be resolved.
2016-04-18 11:00:40,367 - Log4JLogChute initialized using file 'velocity.log'
2016-04-18 11:00:40,368 - Starting Apache Velocity v1.5 (compiled: 2007-02-22 08:52:29)
2016-04-18 11:00:40,368 - Default Properties File: org/apache/velocity/runtime/defaults/velocity.properties
2016-04-18 11:00:40,369 - Trying to use logger class org.apache.velocity.runtime.log.AvalonLogChute
2016-04-18 11:00:40,370 - Couldn't find class org.apache.velocity.runtime.log.AvalonLogChute or necessary supporting classes in classpath.
java.lang.NoClassDefFoundError: org/apache/log/format/Formatter
	at java.lang.Class.forName0(Native Method)
	at java.lang.Class.forName(Class.java:278)
	at org.apache.velocity.util.ClassUtils.getClass(ClassUtils.java:63)
	at org.apache.velocity.util.ClassUtils.getNewInstance(ClassUtils.java:95)
	at org.apache.velocity.runtime.log.LogManager.createLogChute(LogManager.java:147)
	at org.apache.velocity.runtime.log.LogManager.updateLog(LogManager.java:208)
	at org.apache.velocity.runtime.RuntimeInstance.initializeLog(RuntimeInstance.java:728)
	at org.apache.velocity.runtime.RuntimeInstance.init(RuntimeInstance.java:240)
	at org.apache.velocity.runtime.RuntimeInstance.init(RuntimeInstance.java:534)
	at org.apache.velocity.runtime.RuntimeSingleton.init(RuntimeSingleton.java:227)
	at org.apache.velocity.app.Velocity.init(Velocity.java:111)
	at ar.uba.dc.analysis.memory.impl.report.html.HtmlReportWriter.init(HtmlReportWriter.java:79)
	at ar.uba.dc.analysis.memory.impl.report.html.HtmlReportWriter.write(HtmlReportWriter.java:37)
	at ar.uba.dc.analysis.memory.impl.MemoryInterproceduralAnalysis.doAnalysis(MemoryInterproceduralAnalysis.java:85)
	at ar.uba.dc.analysis.common.AbstractInterproceduralAnalysis.run(AbstractInterproceduralAnalysis.java:37)
	at ar.uba.dc.analysis.memory.impl.runner.MemorySceneTransformer.internalTransform(MemorySceneTransformer.java:56)
	at soot.SceneTransformer.transform(SceneTransformer.java:39)
	at soot.Transform.apply(Transform.java:89)
	at soot.ScenePack.internalApply(ScenePack.java:43)
	at soot.Pack.apply(Pack.java:114)
	at soot.PackManager.runWholeProgramPacks(PackManager.java:407)
	at soot.PackManager.runPacks(PackManager.java:327)
	at soot.Main.run(Main.java:202)
	at soot.Main.main(Main.java:145)
	at ar.uba.dc.analysis.memory.impl.runner.MainSootRunner.main(MainSootRunner.java:61)
Caused by: java.lang.ClassNotFoundException: org.apache.log.format.Formatter
	at java.net.URLClassLoader$1.run(URLClassLoader.java:366)
	at java.net.URLClassLoader$1.run(URLClassLoader.java:355)
	at java.security.AccessController.doPrivileged(Native Method)
	at java.net.URLClassLoader.findClass(URLClassLoader.java:354)
	at java.lang.ClassLoader.loadClass(ClassLoader.java:425)
	at sun.misc.Launcher$AppClassLoader.loadClass(Launcher.java:308)
	at java.lang.ClassLoader.loadClass(ClassLoader.java:358)
	... 25 more
2016-04-18 11:00:40,372 - Trying to use logger class org.apache.velocity.runtime.log.Log4JLogChute
2016-04-18 11:00:40,372 - Using logger class org.apache.velocity.runtime.log.Log4JLogChute
2016-04-18 11:00:40,374 - Default ResourceManager initializing. (class org.apache.velocity.runtime.resource.ResourceManagerImpl)
2016-04-18 11:00:40,376 - ResourceLoader instantiated: org.apache.velocity.runtime.resource.loader.ClasspathResourceLoader
2016-04-18 11:00:40,378 - ResourceCache: initialized (class org.apache.velocity.runtime.resource.ResourceCacheImpl)
2016-04-18 11:00:40,379 - Loaded System Directive: org.apache.velocity.runtime.directive.Literal
2016-04-18 11:00:40,381 - Loaded System Directive: org.apache.velocity.runtime.directive.Macro
2016-04-18 11:00:40,385 - Loaded System Directive: org.apache.velocity.runtime.directive.Parse
2016-04-18 11:00:40,391 - Loaded System Directive: org.apache.velocity.runtime.directive.Include
2016-04-18 11:00:40,391 - Loaded System Directive: org.apache.velocity.runtime.directive.Foreach
2016-04-18 11:00:40,430 - Created '20' parsers.
2016-04-18 11:00:40,443 - Velocimacro : "velocimacro.library" is not set.  Trying default library: VM_global_library.vm
2016-04-18 11:00:40,443 - Velocimacro : Default library not found.
2016-04-18 11:00:40,443 - Velocimacro : allowInline = true : VMs can be defined inline in templates
2016-04-18 11:00:40,444 - Velocimacro : allowInlineToOverride = false : VMs defined inline may NOT replace previous VM definitions
2016-04-18 11:00:40,444 - Velocimacro : allowInlineLocal = false : VMs defined inline will be global in scope if allowed.
2016-04-18 11:00:40,444 - Velocimacro : autoload off : VM system will not automatically reload global library macros
2016-04-18 11:00:40,511 - Velocimacro : added #link(  href name ) : source = site/peak.vm
2016-04-18 11:00:40,515 - Velocimacro : added #banner(  banner id ) : source = site/peak.vm
2016-04-18 11:00:40,519 - Velocimacro : added #links(  links ) : source = site/peak.vm
2016-04-18 11:00:40,522 - Velocimacro : added #breadcrumbs(  breadcrumbs ) : source = site/peak.vm
2016-04-18 11:00:40,525 - Velocimacro : added #displayTree(  display item ) : source = site/peak.vm
2016-04-18 11:00:40,533 - Velocimacro : added #menuItem(  item ) : source = site/peak.vm
2016-04-18 11:00:40,535 - Velocimacro : added #mainMenu(  menus ) : source = site/peak.vm
2016-04-18 11:00:40,536 - Velocimacro : added #publishDate(  publishDate version ) : source = site/peak.vm
2016-04-18 11:00:40,540 - Velocimacro : added #methodSummary(  method ) : source = site/peak.vm
2016-04-18 11:00:40,541 - Velocimacro : added #classSummary(  ) : source = site/peak.vm
2016-04-18 11:00:40,542 - Velocimacro : added #bodyContent(  ) : source = site/peak.vm
2016-04-18 11:00:40,543 - Velocimacro : added #menu(  ) : source = site/peak.vm
2016-04-18 11:00:40,583 - ResourceManager : found site/peak.vm with loader org.apache.velocity.runtime.resource.loader.ClasspathResourceLoader
2016-04-18 11:00:40,586 - Null reference [template 'site/peak.vm', line 311, column 37] : $detalle cannot be resolved.
2016-04-18 11:00:40,586 - Null reference [template 'site/peak.vm', line 312, column 29] : $imgSrc cannot be resolved.
2016-04-18 11:00:40,586 - Null reference [template 'site/peak.vm', line 312, column 39] : $detalle.find('input[type=hidden]') cannot be resolved.
2016-04-18 11:00:40,586 - Null reference [template 'site/peak.vm', line 314, column 37] : $imgSrc.size() cannot be resolved.
2016-04-18 11:00:40,586 - Null reference [template 'site/peak.vm', line 315, column 45] : $img cannot be resolved.
2016-04-18 11:00:40,586 - Null reference [template 'site/peak.vm', line 315, column 76] : $imgSrc.val() cannot be resolved.
2016-04-18 11:00:40,586 - Null reference [template 'site/peak.vm', line 316, column 41] : $imgSrc.parent().html cannot be resolved.
2016-04-18 11:00:40,586 - Null reference [template 'site/peak.vm', line 316, column 86] : $imgSrc.val() cannot be resolved.
2016-04-18 11:00:40,586 - Null reference [template 'site/peak.vm', line 316, column 133] : $img cannot be resolved.
2016-04-18 11:00:40,586 - Null reference [template 'site/peak.vm', line 319, column 33] : $detalle.show() cannot be resolved.
2016-04-18 11:00:40,593 - Null reference [template 'site/peak.vm', line 3, column 28] : $collapse cannot be resolved.
2016-04-18 11:01:24,151 - Log4JLogChute initialized using file 'velocity.log'
2016-04-18 11:01:24,152 - Starting Apache Velocity v1.5 (compiled: 2007-02-22 08:52:29)
2016-04-18 11:01:24,152 - Default Properties File: org/apache/velocity/runtime/defaults/velocity.properties
2016-04-18 11:01:24,152 - Trying to use logger class org.apache.velocity.runtime.log.AvalonLogChute
2016-04-18 11:01:24,153 - Couldn't find class org.apache.velocity.runtime.log.AvalonLogChute or necessary supporting classes in classpath.
java.lang.NoClassDefFoundError: org/apache/log/format/Formatter
	at java.lang.Class.forName0(Native Method)
	at java.lang.Class.forName(Class.java:278)
	at org.apache.velocity.util.ClassUtils.getClass(ClassUtils.java:63)
	at org.apache.velocity.util.ClassUtils.getNewInstance(ClassUtils.java:95)
	at org.apache.velocity.runtime.log.LogManager.createLogChute(LogManager.java:147)
	at org.apache.velocity.runtime.log.LogManager.updateLog(LogManager.java:208)
	at org.apache.velocity.runtime.RuntimeInstance.initializeLog(RuntimeInstance.java:728)
	at org.apache.velocity.runtime.RuntimeInstance.init(RuntimeInstance.java:240)
	at org.apache.velocity.runtime.RuntimeInstance.init(RuntimeInstance.java:534)
	at org.apache.velocity.runtime.RuntimeSingleton.init(RuntimeSingleton.java:227)
	at org.apache.velocity.app.Velocity.init(Velocity.java:111)
	at ar.uba.dc.analysis.memory.impl.report.html.HtmlReportWriter.init(HtmlReportWriter.java:79)
	at ar.uba.dc.analysis.memory.impl.report.html.HtmlReportWriter.write(HtmlReportWriter.java:37)
	at ar.uba.dc.analysis.memory.impl.MemoryInterproceduralAnalysis.doAnalysis(MemoryInterproceduralAnalysis.java:85)
	at ar.uba.dc.analysis.common.AbstractInterproceduralAnalysis.run(AbstractInterproceduralAnalysis.java:37)
	at ar.uba.dc.analysis.memory.impl.runner.MemorySceneTransformer.internalTransform(MemorySceneTransformer.java:56)
	at soot.SceneTransformer.transform(SceneTransformer.java:39)
	at soot.Transform.apply(Transform.java:89)
	at soot.ScenePack.internalApply(ScenePack.java:43)
	at soot.Pack.apply(Pack.java:114)
	at soot.PackManager.runWholeProgramPacks(PackManager.java:407)
	at soot.PackManager.runPacks(PackManager.java:327)
	at soot.Main.run(Main.java:202)
	at soot.Main.main(Main.java:145)
	at ar.uba.dc.analysis.memory.impl.runner.MainSootRunner.main(MainSootRunner.java:61)
Caused by: java.lang.ClassNotFoundException: org.apache.log.format.Formatter
	at java.net.URLClassLoader$1.run(URLClassLoader.java:366)
	at java.net.URLClassLoader$1.run(URLClassLoader.java:355)
	at java.security.AccessController.doPrivileged(Native Method)
	at java.net.URLClassLoader.findClass(URLClassLoader.java:354)
	at java.lang.ClassLoader.loadClass(ClassLoader.java:425)
	at sun.misc.Launcher$AppClassLoader.loadClass(Launcher.java:308)
	at java.lang.ClassLoader.loadClass(ClassLoader.java:358)
	... 25 more
2016-04-18 11:01:24,155 - Trying to use logger class org.apache.velocity.runtime.log.Log4JLogChute
2016-04-18 11:01:24,155 - Using logger class org.apache.velocity.runtime.log.Log4JLogChute
2016-04-18 11:01:24,157 - Default ResourceManager initializing. (class org.apache.velocity.runtime.resource.ResourceManagerImpl)
2016-04-18 11:01:24,160 - ResourceLoader instantiated: org.apache.velocity.runtime.resource.loader.ClasspathResourceLoader
2016-04-18 11:01:24,161 - ResourceCache: initialized (class org.apache.velocity.runtime.resource.ResourceCacheImpl)
2016-04-18 11:01:24,163 - Loaded System Directive: org.apache.velocity.runtime.directive.Literal
2016-04-18 11:01:24,164 - Loaded System Directive: org.apache.velocity.runtime.directive.Macro
2016-04-18 11:01:24,165 - Loaded System Directive: org.apache.velocity.runtime.directive.Parse
2016-04-18 11:01:24,167 - Loaded System Directive: org.apache.velocity.runtime.directive.Include
2016-04-18 11:01:24,168 - Loaded System Directive: org.apache.velocity.runtime.directive.Foreach
2016-04-18 11:01:24,198 - Created '20' parsers.
2016-04-18 11:01:24,206 - Velocimacro : "velocimacro.library" is not set.  Trying default library: VM_global_library.vm
2016-04-18 11:01:24,206 - Velocimacro : Default library not found.
2016-04-18 11:01:24,207 - Velocimacro : allowInline = true : VMs can be defined inline in templates
2016-04-18 11:01:24,207 - Velocimacro : allowInlineToOverride = false : VMs defined inline may NOT replace previous VM definitions
2016-04-18 11:01:24,207 - Velocimacro : allowInlineLocal = false : VMs defined inline will be global in scope if allowed.
2016-04-18 11:01:24,207 - Velocimacro : autoload off : VM system will not automatically reload global library macros
2016-04-18 11:01:24,283 - Velocimacro : added #link(  href name ) : source = site/peak.vm
2016-04-18 11:01:24,290 - Velocimacro : added #banner(  banner id ) : source = site/peak.vm
2016-04-18 11:01:24,297 - Velocimacro : added #links(  links ) : source = site/peak.vm
2016-04-18 11:01:24,301 - Velocimacro : added #breadcrumbs(  breadcrumbs ) : source = site/peak.vm
2016-04-18 11:01:24,306 - Velocimacro : added #displayTree(  display item ) : source = site/peak.vm
2016-04-18 11:01:24,316 - Velocimacro : added #menuItem(  item ) : source = site/peak.vm
2016-04-18 11:01:24,318 - Velocimacro : added #mainMenu(  menus ) : source = site/peak.vm
2016-04-18 11:01:24,319 - Velocimacro : added #publishDate(  publishDate version ) : source = site/peak.vm
2016-04-18 11:01:24,325 - Velocimacro : added #methodSummary(  method ) : source = site/peak.vm
2016-04-18 11:01:24,327 - Velocimacro : added #classSummary(  ) : source = site/peak.vm
2016-04-18 11:01:24,330 - Velocimacro : added #bodyContent(  ) : source = site/peak.vm
2016-04-18 11:01:24,330 - Velocimacro : added #menu(  ) : source = site/peak.vm
2016-04-18 11:01:24,390 - ResourceManager : found site/peak.vm with loader org.apache.velocity.runtime.resource.loader.ClasspathResourceLoader
2016-04-18 11:01:24,394 - Null reference [template 'site/peak.vm', line 311, column 37] : $detalle cannot be resolved.
2016-04-18 11:01:24,394 - Null reference [template 'site/peak.vm', line 312, column 29] : $imgSrc cannot be resolved.
2016-04-18 11:01:24,394 - Null reference [template 'site/peak.vm', line 312, column 39] : $detalle.find('input[type=hidden]') cannot be resolved.
2016-04-18 11:01:24,394 - Null reference [template 'site/peak.vm', line 314, column 37] : $imgSrc.size() cannot be resolved.
2016-04-18 11:01:24,394 - Null reference [template 'site/peak.vm', line 315, column 45] : $img cannot be resolved.
2016-04-18 11:01:24,394 - Null reference [template 'site/peak.vm', line 315, column 76] : $imgSrc.val() cannot be resolved.
2016-04-18 11:01:24,394 - Null reference [template 'site/peak.vm', line 316, column 41] : $imgSrc.parent().html cannot be resolved.
2016-04-18 11:01:24,394 - Null reference [template 'site/peak.vm', line 316, column 86] : $imgSrc.val() cannot be resolved.
2016-04-18 11:01:24,395 - Null reference [template 'site/peak.vm', line 316, column 133] : $img cannot be resolved.
2016-04-18 11:01:24,395 - Null reference [template 'site/peak.vm', line 319, column 33] : $detalle.show() cannot be resolved.
2016-04-18 11:01:24,405 - Null reference [template 'site/peak.vm', line 3, column 28] : $collapse cannot be resolved.
2016-04-18 11:08:12,778 - Log4JLogChute initialized using file 'velocity.log'
2016-04-18 11:08:12,779 - Starting Apache Velocity v1.5 (compiled: 2007-02-22 08:52:29)
2016-04-18 11:08:12,779 - Default Properties File: org/apache/velocity/runtime/defaults/velocity.properties
2016-04-18 11:08:12,779 - Trying to use logger class org.apache.velocity.runtime.log.AvalonLogChute
2016-04-18 11:08:12,781 - Couldn't find class org.apache.velocity.runtime.log.AvalonLogChute or necessary supporting classes in classpath.
java.lang.NoClassDefFoundError: org/apache/log/format/Formatter
	at java.lang.Class.forName0(Native Method)
	at java.lang.Class.forName(Class.java:278)
	at org.apache.velocity.util.ClassUtils.getClass(ClassUtils.java:63)
	at org.apache.velocity.util.ClassUtils.getNewInstance(ClassUtils.java:95)
	at org.apache.velocity.runtime.log.LogManager.createLogChute(LogManager.java:147)
	at org.apache.velocity.runtime.log.LogManager.updateLog(LogManager.java:208)
	at org.apache.velocity.runtime.RuntimeInstance.initializeLog(RuntimeInstance.java:728)
	at org.apache.velocity.runtime.RuntimeInstance.init(RuntimeInstance.java:240)
	at org.apache.velocity.runtime.RuntimeInstance.init(RuntimeInstance.java:534)
	at org.apache.velocity.runtime.RuntimeSingleton.init(RuntimeSingleton.java:227)
	at org.apache.velocity.app.Velocity.init(Velocity.java:111)
	at ar.uba.dc.analysis.memory.impl.report.html.HtmlReportWriter.init(HtmlReportWriter.java:79)
	at ar.uba.dc.analysis.memory.impl.report.html.HtmlReportWriter.write(HtmlReportWriter.java:37)
	at ar.uba.dc.analysis.memory.impl.MemoryInterproceduralAnalysis.doAnalysis(MemoryInterproceduralAnalysis.java:85)
	at ar.uba.dc.analysis.common.AbstractInterproceduralAnalysis.run(AbstractInterproceduralAnalysis.java:37)
	at ar.uba.dc.analysis.memory.impl.runner.MemorySceneTransformer.internalTransform(MemorySceneTransformer.java:56)
	at soot.SceneTransformer.transform(SceneTransformer.java:39)
	at soot.Transform.apply(Transform.java:89)
	at soot.ScenePack.internalApply(ScenePack.java:43)
	at soot.Pack.apply(Pack.java:114)
	at soot.PackManager.runWholeProgramPacks(PackManager.java:407)
	at soot.PackManager.runPacks(PackManager.java:327)
	at soot.Main.run(Main.java:202)
	at soot.Main.main(Main.java:145)
	at ar.uba.dc.analysis.memory.impl.runner.MainSootRunner.main(MainSootRunner.java:61)
Caused by: java.lang.ClassNotFoundException: org.apache.log.format.Formatter
	at java.net.URLClassLoader$1.run(URLClassLoader.java:366)
	at java.net.URLClassLoader$1.run(URLClassLoader.java:355)
	at java.security.AccessController.doPrivileged(Native Method)
	at java.net.URLClassLoader.findClass(URLClassLoader.java:354)
	at java.lang.ClassLoader.loadClass(ClassLoader.java:425)
	at sun.misc.Launcher$AppClassLoader.loadClass(Launcher.java:308)
	at java.lang.ClassLoader.loadClass(ClassLoader.java:358)
	... 25 more
2016-04-18 11:08:12,782 - Trying to use logger class org.apache.velocity.runtime.log.Log4JLogChute
2016-04-18 11:08:12,782 - Using logger class org.apache.velocity.runtime.log.Log4JLogChute
2016-04-18 11:08:12,785 - Default ResourceManager initializing. (class org.apache.velocity.runtime.resource.ResourceManagerImpl)
2016-04-18 11:08:12,787 - ResourceLoader instantiated: org.apache.velocity.runtime.resource.loader.ClasspathResourceLoader
2016-04-18 11:08:12,788 - ResourceCache: initialized (class org.apache.velocity.runtime.resource.ResourceCacheImpl)
2016-04-18 11:08:12,790 - Loaded System Directive: org.apache.velocity.runtime.directive.Literal
2016-04-18 11:08:12,791 - Loaded System Directive: org.apache.velocity.runtime.directive.Macro
2016-04-18 11:08:12,792 - Loaded System Directive: org.apache.velocity.runtime.directive.Parse
2016-04-18 11:08:12,794 - Loaded System Directive: org.apache.velocity.runtime.directive.Include
2016-04-18 11:08:12,795 - Loaded System Directive: org.apache.velocity.runtime.directive.Foreach
2016-04-18 11:08:12,825 - Created '20' parsers.
2016-04-18 11:08:12,833 - Velocimacro : "velocimacro.library" is not set.  Trying default library: VM_global_library.vm
2016-04-18 11:08:12,834 - Velocimacro : Default library not found.
2016-04-18 11:08:12,834 - Velocimacro : allowInline = true : VMs can be defined inline in templates
2016-04-18 11:08:12,834 - Velocimacro : allowInlineToOverride = false : VMs defined inline may NOT replace previous VM definitions
2016-04-18 11:08:12,834 - Velocimacro : allowInlineLocal = false : VMs defined inline will be global in scope if allowed.
2016-04-18 11:08:12,834 - Velocimacro : autoload off : VM system will not automatically reload global library macros
2016-04-18 11:08:12,903 - Velocimacro : added #link(  href name ) : source = site/peak.vm
2016-04-18 11:08:12,910 - Velocimacro : added #banner(  banner id ) : source = site/peak.vm
2016-04-18 11:08:12,914 - Velocimacro : added #links(  links ) : source = site/peak.vm
2016-04-18 11:08:12,917 - Velocimacro : added #breadcrumbs(  breadcrumbs ) : source = site/peak.vm
2016-04-18 11:08:12,920 - Velocimacro : added #displayTree(  display item ) : source = site/peak.vm
2016-04-18 11:08:12,926 - Velocimacro : added #menuItem(  item ) : source = site/peak.vm
2016-04-18 11:08:12,927 - Velocimacro : added #mainMenu(  menus ) : source = site/peak.vm
2016-04-18 11:08:12,928 - Velocimacro : added #publishDate(  publishDate version ) : source = site/peak.vm
2016-04-18 11:08:12,932 - Velocimacro : added #methodSummary(  method ) : source = site/peak.vm
2016-04-18 11:08:12,934 - Velocimacro : added #classSummary(  ) : source = site/peak.vm
2016-04-18 11:08:12,935 - Velocimacro : added #bodyContent(  ) : source = site/peak.vm
2016-04-18 11:08:12,936 - Velocimacro : added #menu(  ) : source = site/peak.vm
2016-04-18 11:08:12,971 - ResourceManager : found site/peak.vm with loader org.apache.velocity.runtime.resource.loader.ClasspathResourceLoader
2016-04-18 11:08:12,974 - Null reference [template 'site/peak.vm', line 311, column 37] : $detalle cannot be resolved.
2016-04-18 11:08:12,974 - Null reference [template 'site/peak.vm', line 312, column 29] : $imgSrc cannot be resolved.
2016-04-18 11:08:12,975 - Null reference [template 'site/peak.vm', line 312, column 39] : $detalle.find('input[type=hidden]') cannot be resolved.
2016-04-18 11:08:12,975 - Null reference [template 'site/peak.vm', line 314, column 37] : $imgSrc.size() cannot be resolved.
2016-04-18 11:08:12,975 - Null reference [template 'site/peak.vm', line 315, column 45] : $img cannot be resolved.
2016-04-18 11:08:12,975 - Null reference [template 'site/peak.vm', line 315, column 76] : $imgSrc.val() cannot be resolved.
2016-04-18 11:08:12,975 - Null reference [template 'site/peak.vm', line 316, column 41] : $imgSrc.parent().html cannot be resolved.
2016-04-18 11:08:12,975 - Null reference [template 'site/peak.vm', line 316, column 86] : $imgSrc.val() cannot be resolved.
2016-04-18 11:08:12,975 - Null reference [template 'site/peak.vm', line 316, column 133] : $img cannot be resolved.
2016-04-18 11:08:12,975 - Null reference [template 'site/peak.vm', line 319, column 33] : $detalle.show() cannot be resolved.
2016-04-18 11:08:12,984 - Null reference [template 'site/peak.vm', line 3, column 28] : $collapse cannot be resolved.
2016-04-18 11:09:37,061 - Log4JLogChute initialized using file 'velocity.log'
2016-04-18 11:09:37,061 - Starting Apache Velocity v1.5 (compiled: 2007-02-22 08:52:29)
2016-04-18 11:09:37,061 - Default Properties File: org/apache/velocity/runtime/defaults/velocity.properties
2016-04-18 11:09:37,061 - Trying to use logger class org.apache.velocity.runtime.log.AvalonLogChute
2016-04-18 11:09:37,062 - Couldn't find class org.apache.velocity.runtime.log.AvalonLogChute or necessary supporting classes in classpath.
java.lang.NoClassDefFoundError: org/apache/log/format/Formatter
	at java.lang.Class.forName0(Native Method)
	at java.lang.Class.forName(Class.java:278)
	at org.apache.velocity.util.ClassUtils.getClass(ClassUtils.java:63)
	at org.apache.velocity.util.ClassUtils.getNewInstance(ClassUtils.java:95)
	at org.apache.velocity.runtime.log.LogManager.createLogChute(LogManager.java:147)
	at org.apache.velocity.runtime.log.LogManager.updateLog(LogManager.java:208)
	at org.apache.velocity.runtime.RuntimeInstance.initializeLog(RuntimeInstance.java:728)
	at org.apache.velocity.runtime.RuntimeInstance.init(RuntimeInstance.java:240)
	at org.apache.velocity.runtime.RuntimeInstance.init(RuntimeInstance.java:534)
	at org.apache.velocity.runtime.RuntimeSingleton.init(RuntimeSingleton.java:227)
	at org.apache.velocity.app.Velocity.init(Velocity.java:111)
	at ar.uba.dc.analysis.memory.impl.report.html.HtmlReportWriter.init(HtmlReportWriter.java:79)
	at ar.uba.dc.analysis.memory.impl.report.html.HtmlReportWriter.write(HtmlReportWriter.java:37)
	at ar.uba.dc.analysis.memory.impl.MemoryInterproceduralAnalysis.doAnalysis(MemoryInterproceduralAnalysis.java:85)
	at ar.uba.dc.analysis.common.AbstractInterproceduralAnalysis.run(AbstractInterproceduralAnalysis.java:37)
	at ar.uba.dc.analysis.memory.impl.runner.MemorySceneTransformer.internalTransform(MemorySceneTransformer.java:56)
	at soot.SceneTransformer.transform(SceneTransformer.java:39)
	at soot.Transform.apply(Transform.java:89)
	at soot.ScenePack.internalApply(ScenePack.java:43)
	at soot.Pack.apply(Pack.java:114)
	at soot.PackManager.runWholeProgramPacks(PackManager.java:407)
	at soot.PackManager.runPacks(PackManager.java:327)
	at soot.Main.run(Main.java:202)
	at soot.Main.main(Main.java:145)
	at ar.uba.dc.analysis.memory.impl.runner.MainSootRunner.main(MainSootRunner.java:61)
Caused by: java.lang.ClassNotFoundException: org.apache.log.format.Formatter
	at java.net.URLClassLoader$1.run(URLClassLoader.java:366)
	at java.net.URLClassLoader$1.run(URLClassLoader.java:355)
	at java.security.AccessController.doPrivileged(Native Method)
	at java.net.URLClassLoader.findClass(URLClassLoader.java:354)
	at java.lang.ClassLoader.loadClass(ClassLoader.java:425)
	at sun.misc.Launcher$AppClassLoader.loadClass(Launcher.java:308)
	at java.lang.ClassLoader.loadClass(ClassLoader.java:358)
	... 25 more
2016-04-18 11:09:37,063 - Trying to use logger class org.apache.velocity.runtime.log.Log4JLogChute
2016-04-18 11:09:37,063 - Using logger class org.apache.velocity.runtime.log.Log4JLogChute
2016-04-18 11:09:37,065 - Default ResourceManager initializing. (class org.apache.velocity.runtime.resource.ResourceManagerImpl)
2016-04-18 11:09:37,067 - ResourceLoader instantiated: org.apache.velocity.runtime.resource.loader.ClasspathResourceLoader
2016-04-18 11:09:37,068 - ResourceCache: initialized (class org.apache.velocity.runtime.resource.ResourceCacheImpl)
2016-04-18 11:09:37,069 - Loaded System Directive: org.apache.velocity.runtime.directive.Literal
2016-04-18 11:09:37,071 - Loaded System Directive: org.apache.velocity.runtime.directive.Macro
2016-04-18 11:09:37,072 - Loaded System Directive: org.apache.velocity.runtime.directive.Parse
2016-04-18 11:09:37,073 - Loaded System Directive: org.apache.velocity.runtime.directive.Include
2016-04-18 11:09:37,074 - Loaded System Directive: org.apache.velocity.runtime.directive.Foreach
2016-04-18 11:09:37,098 - Created '20' parsers.
2016-04-18 11:09:37,103 - Velocimacro : "velocimacro.library" is not set.  Trying default library: VM_global_library.vm
2016-04-18 11:09:37,104 - Velocimacro : Default library not found.
2016-04-18 11:09:37,104 - Velocimacro : allowInline = true : VMs can be defined inline in templates
2016-04-18 11:09:37,104 - Velocimacro : allowInlineToOverride = false : VMs defined inline may NOT replace previous VM definitions
2016-04-18 11:09:37,104 - Velocimacro : allowInlineLocal = false : VMs defined inline will be global in scope if allowed.
2016-04-18 11:09:37,104 - Velocimacro : autoload off : VM system will not automatically reload global library macros
2016-04-18 11:09:37,151 - Velocimacro : added #link(  href name ) : source = site/peak.vm
2016-04-18 11:09:37,155 - Velocimacro : added #banner(  banner id ) : source = site/peak.vm
2016-04-18 11:09:37,158 - Velocimacro : added #links(  links ) : source = site/peak.vm
2016-04-18 11:09:37,161 - Velocimacro : added #breadcrumbs(  breadcrumbs ) : source = site/peak.vm
2016-04-18 11:09:37,164 - Velocimacro : added #displayTree(  display item ) : source = site/peak.vm
2016-04-18 11:09:37,170 - Velocimacro : added #menuItem(  item ) : source = site/peak.vm
2016-04-18 11:09:37,171 - Velocimacro : added #mainMenu(  menus ) : source = site/peak.vm
2016-04-18 11:09:37,172 - Velocimacro : added #publishDate(  publishDate version ) : source = site/peak.vm
2016-04-18 11:09:37,176 - Velocimacro : added #methodSummary(  method ) : source = site/peak.vm
2016-04-18 11:09:37,177 - Velocimacro : added #classSummary(  ) : source = site/peak.vm
2016-04-18 11:09:37,179 - Velocimacro : added #bodyContent(  ) : source = site/peak.vm
2016-04-18 11:09:37,179 - Velocimacro : added #menu(  ) : source = site/peak.vm
2016-04-18 11:09:37,214 - ResourceManager : found site/peak.vm with loader org.apache.velocity.runtime.resource.loader.ClasspathResourceLoader
2016-04-18 11:09:37,216 - Null reference [template 'site/peak.vm', line 311, column 37] : $detalle cannot be resolved.
2016-04-18 11:09:37,216 - Null reference [template 'site/peak.vm', line 312, column 29] : $imgSrc cannot be resolved.
2016-04-18 11:09:37,216 - Null reference [template 'site/peak.vm', line 312, column 39] : $detalle.find('input[type=hidden]') cannot be resolved.
2016-04-18 11:09:37,216 - Null reference [template 'site/peak.vm', line 314, column 37] : $imgSrc.size() cannot be resolved.
2016-04-18 11:09:37,216 - Null reference [template 'site/peak.vm', line 315, column 45] : $img cannot be resolved.
2016-04-18 11:09:37,217 - Null reference [template 'site/peak.vm', line 315, column 76] : $imgSrc.val() cannot be resolved.
2016-04-18 11:09:37,217 - Null reference [template 'site/peak.vm', line 316, column 41] : $imgSrc.parent().html cannot be resolved.
2016-04-18 11:09:37,217 - Null reference [template 'site/peak.vm', line 316, column 86] : $imgSrc.val() cannot be resolved.
2016-04-18 11:09:37,217 - Null reference [template 'site/peak.vm', line 316, column 133] : $img cannot be resolved.
2016-04-18 11:09:37,217 - Null reference [template 'site/peak.vm', line 319, column 33] : $detalle.show() cannot be resolved.
2016-04-18 11:09:37,223 - Null reference [template 'site/peak.vm', line 3, column 28] : $collapse cannot be resolved.
2016-04-18 11:33:35,014 - Log4JLogChute initialized using file 'velocity.log'
2016-04-18 11:33:35,015 - Starting Apache Velocity v1.5 (compiled: 2007-02-22 08:52:29)
2016-04-18 11:33:35,015 - Default Properties File: org/apache/velocity/runtime/defaults/velocity.properties
2016-04-18 11:33:35,015 - Trying to use logger class org.apache.velocity.runtime.log.AvalonLogChute
2016-04-18 11:33:35,017 - Couldn't find class org.apache.velocity.runtime.log.AvalonLogChute or necessary supporting classes in classpath.
java.lang.NoClassDefFoundError: org/apache/log/format/Formatter
	at java.lang.Class.forName0(Native Method)
	at java.lang.Class.forName(Class.java:278)
	at org.apache.velocity.util.ClassUtils.getClass(ClassUtils.java:63)
	at org.apache.velocity.util.ClassUtils.getNewInstance(ClassUtils.java:95)
	at org.apache.velocity.runtime.log.LogManager.createLogChute(LogManager.java:147)
	at org.apache.velocity.runtime.log.LogManager.updateLog(LogManager.java:208)
	at org.apache.velocity.runtime.RuntimeInstance.initializeLog(RuntimeInstance.java:728)
	at org.apache.velocity.runtime.RuntimeInstance.init(RuntimeInstance.java:240)
	at org.apache.velocity.runtime.RuntimeInstance.init(RuntimeInstance.java:534)
	at org.apache.velocity.runtime.RuntimeSingleton.init(RuntimeSingleton.java:227)
	at org.apache.velocity.app.Velocity.init(Velocity.java:111)
	at ar.uba.dc.analysis.memory.impl.report.html.HtmlReportWriter.init(HtmlReportWriter.java:79)
	at ar.uba.dc.analysis.memory.impl.report.html.HtmlReportWriter.write(HtmlReportWriter.java:37)
	at ar.uba.dc.analysis.memory.impl.MemoryInterproceduralAnalysis.doAnalysis(MemoryInterproceduralAnalysis.java:85)
	at ar.uba.dc.analysis.common.AbstractInterproceduralAnalysis.run(AbstractInterproceduralAnalysis.java:37)
	at ar.uba.dc.analysis.memory.impl.runner.MemorySceneTransformer.internalTransform(MemorySceneTransformer.java:56)
	at soot.SceneTransformer.transform(SceneTransformer.java:39)
	at soot.Transform.apply(Transform.java:89)
	at soot.ScenePack.internalApply(ScenePack.java:43)
	at soot.Pack.apply(Pack.java:114)
	at soot.PackManager.runWholeProgramPacks(PackManager.java:407)
	at soot.PackManager.runPacks(PackManager.java:327)
	at soot.Main.run(Main.java:202)
	at soot.Main.main(Main.java:145)
	at ar.uba.dc.analysis.memory.impl.runner.MainSootRunner.main(MainSootRunner.java:61)
Caused by: java.lang.ClassNotFoundException: org.apache.log.format.Formatter
	at java.net.URLClassLoader$1.run(URLClassLoader.java:366)
	at java.net.URLClassLoader$1.run(URLClassLoader.java:355)
	at java.security.AccessController.doPrivileged(Native Method)
	at java.net.URLClassLoader.findClass(URLClassLoader.java:354)
	at java.lang.ClassLoader.loadClass(ClassLoader.java:425)
	at sun.misc.Launcher$AppClassLoader.loadClass(Launcher.java:308)
	at java.lang.ClassLoader.loadClass(ClassLoader.java:358)
	... 25 more
2016-04-18 11:33:35,018 - Trying to use logger class org.apache.velocity.runtime.log.Log4JLogChute
2016-04-18 11:33:35,018 - Using logger class org.apache.velocity.runtime.log.Log4JLogChute
2016-04-18 11:33:35,020 - Default ResourceManager initializing. (class org.apache.velocity.runtime.resource.ResourceManagerImpl)
2016-04-18 11:33:35,023 - ResourceLoader instantiated: org.apache.velocity.runtime.resource.loader.ClasspathResourceLoader
2016-04-18 11:33:35,025 - ResourceCache: initialized (class org.apache.velocity.runtime.resource.ResourceCacheImpl)
2016-04-18 11:33:35,026 - Loaded System Directive: org.apache.velocity.runtime.directive.Literal
2016-04-18 11:33:35,028 - Loaded System Directive: org.apache.velocity.runtime.directive.Macro
2016-04-18 11:33:35,029 - Loaded System Directive: org.apache.velocity.runtime.directive.Parse
2016-04-18 11:33:35,031 - Loaded System Directive: org.apache.velocity.runtime.directive.Include
2016-04-18 11:33:35,031 - Loaded System Directive: org.apache.velocity.runtime.directive.Foreach
2016-04-18 11:33:35,056 - Created '20' parsers.
2016-04-18 11:33:35,063 - Velocimacro : "velocimacro.library" is not set.  Trying default library: VM_global_library.vm
2016-04-18 11:33:35,064 - Velocimacro : Default library not found.
2016-04-18 11:33:35,064 - Velocimacro : allowInline = true : VMs can be defined inline in templates
2016-04-18 11:33:35,064 - Velocimacro : allowInlineToOverride = false : VMs defined inline may NOT replace previous VM definitions
2016-04-18 11:33:35,064 - Velocimacro : allowInlineLocal = false : VMs defined inline will be global in scope if allowed.
2016-04-18 11:33:35,064 - Velocimacro : autoload off : VM system will not automatically reload global library macros
2016-04-18 11:33:35,126 - Velocimacro : added #link(  href name ) : source = site/peak.vm
2016-04-18 11:33:35,131 - Velocimacro : added #banner(  banner id ) : source = site/peak.vm
2016-04-18 11:33:35,135 - Velocimacro : added #links(  links ) : source = site/peak.vm
2016-04-18 11:33:35,138 - Velocimacro : added #breadcrumbs(  breadcrumbs ) : source = site/peak.vm
2016-04-18 11:33:35,140 - Velocimacro : added #displayTree(  display item ) : source = site/peak.vm
2016-04-18 11:33:35,147 - Velocimacro : added #menuItem(  item ) : source = site/peak.vm
2016-04-18 11:33:35,148 - Velocimacro : added #mainMenu(  menus ) : source = site/peak.vm
2016-04-18 11:33:35,149 - Velocimacro : added #publishDate(  publishDate version ) : source = site/peak.vm
2016-04-18 11:33:35,153 - Velocimacro : added #methodSummary(  method ) : source = site/peak.vm
2016-04-18 11:33:35,155 - Velocimacro : added #classSummary(  ) : source = site/peak.vm
2016-04-18 11:33:35,156 - Velocimacro : added #bodyContent(  ) : source = site/peak.vm
2016-04-18 11:33:35,156 - Velocimacro : added #menu(  ) : source = site/peak.vm
2016-04-18 11:33:35,191 - ResourceManager : found site/peak.vm with loader org.apache.velocity.runtime.resource.loader.ClasspathResourceLoader
2016-04-18 11:33:35,194 - Null reference [template 'site/peak.vm', line 311, column 37] : $detalle cannot be resolved.
2016-04-18 11:33:35,194 - Null reference [template 'site/peak.vm', line 312, column 29] : $imgSrc cannot be resolved.
2016-04-18 11:33:35,194 - Null reference [template 'site/peak.vm', line 312, column 39] : $detalle.find('input[type=hidden]') cannot be resolved.
2016-04-18 11:33:35,194 - Null reference [template 'site/peak.vm', line 314, column 37] : $imgSrc.size() cannot be resolved.
2016-04-18 11:33:35,194 - Null reference [template 'site/peak.vm', line 315, column 45] : $img cannot be resolved.
2016-04-18 11:33:35,194 - Null reference [template 'site/peak.vm', line 315, column 76] : $imgSrc.val() cannot be resolved.
2016-04-18 11:33:35,194 - Null reference [template 'site/peak.vm', line 316, column 41] : $imgSrc.parent().html cannot be resolved.
2016-04-18 11:33:35,194 - Null reference [template 'site/peak.vm', line 316, column 86] : $imgSrc.val() cannot be resolved.
2016-04-18 11:33:35,194 - Null reference [template 'site/peak.vm', line 316, column 133] : $img cannot be resolved.
2016-04-18 11:33:35,194 - Null reference [template 'site/peak.vm', line 319, column 33] : $detalle.show() cannot be resolved.
2016-04-18 11:33:35,201 - Null reference [template 'site/peak.vm', line 3, column 28] : $collapse cannot be resolved.
2016-04-18 11:39:24,096 - Log4JLogChute initialized using file 'velocity.log'
2016-04-18 11:39:24,097 - Starting Apache Velocity v1.5 (compiled: 2007-02-22 08:52:29)
2016-04-18 11:39:24,097 - Default Properties File: org/apache/velocity/runtime/defaults/velocity.properties
2016-04-18 11:39:24,098 - Trying to use logger class org.apache.velocity.runtime.log.AvalonLogChute
2016-04-18 11:39:24,099 - Couldn't find class org.apache.velocity.runtime.log.AvalonLogChute or necessary supporting classes in classpath.
java.lang.NoClassDefFoundError: org/apache/log/format/Formatter
	at java.lang.Class.forName0(Native Method)
	at java.lang.Class.forName(Class.java:278)
	at org.apache.velocity.util.ClassUtils.getClass(ClassUtils.java:63)
	at org.apache.velocity.util.ClassUtils.getNewInstance(ClassUtils.java:95)
	at org.apache.velocity.runtime.log.LogManager.createLogChute(LogManager.java:147)
	at org.apache.velocity.runtime.log.LogManager.updateLog(LogManager.java:208)
	at org.apache.velocity.runtime.RuntimeInstance.initializeLog(RuntimeInstance.java:728)
	at org.apache.velocity.runtime.RuntimeInstance.init(RuntimeInstance.java:240)
	at org.apache.velocity.runtime.RuntimeInstance.init(RuntimeInstance.java:534)
	at org.apache.velocity.runtime.RuntimeSingleton.init(RuntimeSingleton.java:227)
	at org.apache.velocity.app.Velocity.init(Velocity.java:111)
	at ar.uba.dc.analysis.memory.impl.report.html.HtmlReportWriter.init(HtmlReportWriter.java:79)
	at ar.uba.dc.analysis.memory.impl.report.html.HtmlReportWriter.write(HtmlReportWriter.java:37)
	at ar.uba.dc.analysis.memory.impl.MemoryInterproceduralAnalysis.doAnalysis(MemoryInterproceduralAnalysis.java:85)
	at ar.uba.dc.analysis.common.AbstractInterproceduralAnalysis.run(AbstractInterproceduralAnalysis.java:37)
	at ar.uba.dc.analysis.memory.impl.runner.MemorySceneTransformer.internalTransform(MemorySceneTransformer.java:56)
	at soot.SceneTransformer.transform(SceneTransformer.java:39)
	at soot.Transform.apply(Transform.java:89)
	at soot.ScenePack.internalApply(ScenePack.java:43)
	at soot.Pack.apply(Pack.java:114)
	at soot.PackManager.runWholeProgramPacks(PackManager.java:407)
	at soot.PackManager.runPacks(PackManager.java:327)
	at soot.Main.run(Main.java:202)
	at soot.Main.main(Main.java:145)
	at ar.uba.dc.analysis.memory.impl.runner.MainSootRunner.main(MainSootRunner.java:61)
Caused by: java.lang.ClassNotFoundException: org.apache.log.format.Formatter
	at java.net.URLClassLoader$1.run(URLClassLoader.java:366)
	at java.net.URLClassLoader$1.run(URLClassLoader.java:355)
	at java.security.AccessController.doPrivileged(Native Method)
	at java.net.URLClassLoader.findClass(URLClassLoader.java:354)
	at java.lang.ClassLoader.loadClass(ClassLoader.java:425)
	at sun.misc.Launcher$AppClassLoader.loadClass(Launcher.java:308)
	at java.lang.ClassLoader.loadClass(ClassLoader.java:358)
	... 25 more
2016-04-18 11:39:24,101 - Trying to use logger class org.apache.velocity.runtime.log.Log4JLogChute
2016-04-18 11:39:24,101 - Using logger class org.apache.velocity.runtime.log.Log4JLogChute
2016-04-18 11:39:24,103 - Default ResourceManager initializing. (class org.apache.velocity.runtime.resource.ResourceManagerImpl)
2016-04-18 11:39:24,105 - ResourceLoader instantiated: org.apache.velocity.runtime.resource.loader.ClasspathResourceLoader
2016-04-18 11:39:24,106 - ResourceCache: initialized (class org.apache.velocity.runtime.resource.ResourceCacheImpl)
2016-04-18 11:39:24,107 - Loaded System Directive: org.apache.velocity.runtime.directive.Literal
2016-04-18 11:39:24,109 - Loaded System Directive: org.apache.velocity.runtime.directive.Macro
2016-04-18 11:39:24,110 - Loaded System Directive: org.apache.velocity.runtime.directive.Parse
2016-04-18 11:39:24,111 - Loaded System Directive: org.apache.velocity.runtime.directive.Include
2016-04-18 11:39:24,112 - Loaded System Directive: org.apache.velocity.runtime.directive.Foreach
2016-04-18 11:39:24,131 - Created '20' parsers.
2016-04-18 11:39:24,136 - Velocimacro : "velocimacro.library" is not set.  Trying default library: VM_global_library.vm
2016-04-18 11:39:24,137 - Velocimacro : Default library not found.
2016-04-18 11:39:24,137 - Velocimacro : allowInline = true : VMs can be defined inline in templates
2016-04-18 11:39:24,137 - Velocimacro : allowInlineToOverride = false : VMs defined inline may NOT replace previous VM definitions
2016-04-18 11:39:24,137 - Velocimacro : allowInlineLocal = false : VMs defined inline will be global in scope if allowed.
2016-04-18 11:39:24,137 - Velocimacro : autoload off : VM system will not automatically reload global library macros
2016-04-18 11:39:24,181 - Velocimacro : added #link(  href name ) : source = site/peak.vm
2016-04-18 11:39:24,185 - Velocimacro : added #banner(  banner id ) : source = site/peak.vm
2016-04-18 11:39:24,189 - Velocimacro : added #links(  links ) : source = site/peak.vm
2016-04-18 11:39:24,191 - Velocimacro : added #breadcrumbs(  breadcrumbs ) : source = site/peak.vm
2016-04-18 11:39:24,194 - Velocimacro : added #displayTree(  display item ) : source = site/peak.vm
2016-04-18 11:39:24,200 - Velocimacro : added #menuItem(  item ) : source = site/peak.vm
2016-04-18 11:39:24,201 - Velocimacro : added #mainMenu(  menus ) : source = site/peak.vm
2016-04-18 11:39:24,202 - Velocimacro : added #publishDate(  publishDate version ) : source = site/peak.vm
2016-04-18 11:39:24,206 - Velocimacro : added #methodSummary(  method ) : source = site/peak.vm
2016-04-18 11:39:24,207 - Velocimacro : added #classSummary(  ) : source = site/peak.vm
2016-04-18 11:39:24,208 - Velocimacro : added #bodyContent(  ) : source = site/peak.vm
2016-04-18 11:39:24,209 - Velocimacro : added #menu(  ) : source = site/peak.vm
2016-04-18 11:39:24,243 - ResourceManager : found site/peak.vm with loader org.apache.velocity.runtime.resource.loader.ClasspathResourceLoader
2016-04-18 11:39:24,245 - Null reference [template 'site/peak.vm', line 311, column 37] : $detalle cannot be resolved.
2016-04-18 11:39:24,246 - Null reference [template 'site/peak.vm', line 312, column 29] : $imgSrc cannot be resolved.
2016-04-18 11:39:24,246 - Null reference [template 'site/peak.vm', line 312, column 39] : $detalle.find('input[type=hidden]') cannot be resolved.
2016-04-18 11:39:24,246 - Null reference [template 'site/peak.vm', line 314, column 37] : $imgSrc.size() cannot be resolved.
2016-04-18 11:39:24,246 - Null reference [template 'site/peak.vm', line 315, column 45] : $img cannot be resolved.
2016-04-18 11:39:24,246 - Null reference [template 'site/peak.vm', line 315, column 76] : $imgSrc.val() cannot be resolved.
2016-04-18 11:39:24,246 - Null reference [template 'site/peak.vm', line 316, column 41] : $imgSrc.parent().html cannot be resolved.
2016-04-18 11:39:24,246 - Null reference [template 'site/peak.vm', line 316, column 86] : $imgSrc.val() cannot be resolved.
2016-04-18 11:39:24,246 - Null reference [template 'site/peak.vm', line 316, column 133] : $img cannot be resolved.
2016-04-18 11:39:24,246 - Null reference [template 'site/peak.vm', line 319, column 33] : $detalle.show() cannot be resolved.
2016-04-18 11:39:24,253 - Null reference [template 'site/peak.vm', line 3, column 28] : $collapse cannot be resolved.
